Release 14.7 - xst P.20131013 (nt64)
Copyright (c) 1995-2013 Xilinx, Inc.  All rights reserved.
--> Parameter TMPDIR set to xst/projnav.tmp


Total REAL time to Xst completion: 0.00 secs
Total CPU time to Xst completion: 0.12 secs
 
--> Parameter xsthdpdir set to xst


Total REAL time to Xst completion: 0.00 secs
Total CPU time to Xst completion: 0.12 secs
 
--> Reading design: AB.prj

TABLE OF CONTENTS
  1) Synthesis Options Summary
  2) HDL Compilation
  3) Design Hierarchy Analysis
  4) HDL Analysis
  5) HDL Synthesis
     5.1) HDL Synthesis Report
  6) Advanced HDL Synthesis
     6.1) Advanced HDL Synthesis Report
  7) Low Level Synthesis
  8) Partition Report
  9) Final Report
	9.1) Device utilization summary
	9.2) Partition Resource Summary
	9.3) TIMING REPORT


=========================================================================
*                      Synthesis Options Summary                        *
=========================================================================
---- Source Parameters
Input File Name                    : "AB.prj"
Input Format                       : mixed
Ignore Synthesis Constraint File   : NO

---- Target Parameters
Output File Name                   : "AB"
Output Format                      : NGC
Target Device                      : xc3s400-5-pq208

---- Source Options
Top Module Name                    : AB
Automatic FSM Extraction           : YES
FSM Encoding Algorithm             : Auto
Safe Implementation                : No
FSM Style                          : LUT
RAM Extraction                     : Yes
RAM Style                          : Auto
ROM Extraction                     : Yes
Mux Style                          : Auto
Decoder Extraction                 : YES
Priority Encoder Extraction        : Yes
Shift Register Extraction          : YES
Logical Shifter Extraction         : YES
XOR Collapsing                     : YES
ROM Style                          : Auto
Mux Extraction                     : Yes
Resource Sharing                   : YES
Asynchronous To Synchronous        : NO
Multiplier Style                   : Auto
Automatic Register Balancing       : No

---- Target Options
Add IO Buffers                     : YES
Global Maximum Fanout              : 500
Add Generic Clock Buffer(BUFG)     : 8
Register Duplication               : YES
Slice Packing                      : YES
Optimize Instantiated Primitives   : NO
Use Clock Enable                   : Yes
Use Synchronous Set                : Yes
Use Synchronous Reset              : Yes
Pack IO Registers into IOBs        : Auto
Equivalent register Removal        : YES

---- General Options
Optimization Goal                  : Speed
Optimization Effort                : 1
Keep Hierarchy                     : No
Netlist Hierarchy                  : As_Optimized
RTL Output                         : Yes
Global Optimization                : AllClockNets
Read Cores                         : YES
Write Timing Constraints           : NO
Cross Clock Analysis               : NO
Hierarchy Separator                : /
Bus Delimiter                      : <>
Case Specifier                     : Maintain
Slice Utilization Ratio            : 100
BRAM Utilization Ratio             : 100
Verilog 2001                       : YES
Auto BRAM Packing                  : NO
Slice Utilization Ratio Delta      : 5

=========================================================================


=========================================================================
*                          HDL Compilation                              *
=========================================================================
Compiling vhdl file "D:/University/6/Logic Circuits Lab/HW1/ALU/Full_Adder.vhd" in Library work.
Entity <Full_Adder> compiled.
Entity <Full_Adder> (Architecture <Behavioral>) compiled.
Compiling vhdl file "D:/University/6/Logic Circuits Lab/HW1/ALU/AddSub.vhd" in Library work.
Entity <AddSub> compiled.
Entity <AddSub> (Architecture <Behavioral>) compiled.
Compiling vhdl file "D:/University/6/Logic Circuits Lab/HW1/ALU/AB.vhd" in Library work.
Entity <AB> compiled.
Entity <AB> (Architecture <Behavioral>) compiled.

=========================================================================
*                     Design Hierarchy Analysis                         *
=========================================================================
Analyzing hierarchy for entity <AB> in library <work> (architecture <Behavioral>).

Analyzing hierarchy for entity <AddSub> in library <work> (architecture <Behavioral>).

Analyzing hierarchy for entity <Full_Adder> in library <work> (architecture <Behavioral>).


=========================================================================
*                            HDL Analysis                               *
=========================================================================
Analyzing Entity <AB> in library <work> (Architecture <Behavioral>).
Entity <AB> analyzed. Unit <AB> generated.

Analyzing Entity <AddSub> in library <work> (Architecture <Behavioral>).
Entity <AddSub> analyzed. Unit <AddSub> generated.

Analyzing Entity <Full_Adder> in library <work> (Architecture <Behavioral>).
Entity <Full_Adder> analyzed. Unit <Full_Adder> generated.


=========================================================================
*                           HDL Synthesis                               *
=========================================================================

Performing bidirectional port resolution...

Synthesizing Unit <Full_Adder>.
    Related source file is "D:/University/6/Logic Circuits Lab/HW1/ALU/Full_Adder.vhd".
    Found 1-bit xor3 for signal <sum>.
    Summary:
	inferred   1 Xor(s).
Unit <Full_Adder> synthesized.


Synthesizing Unit <AddSub>.
    Related source file is "D:/University/6/Logic Circuits Lab/HW1/ALU/AddSub.vhd".
    Found 8-bit xor2 for signal <operation>.
Unit <AddSub> synthesized.


Synthesizing Unit <AB>.
    Related source file is "D:/University/6/Logic Circuits Lab/HW1/ALU/AB.vhd".
WARNING:Xst:646 - Signal <c> is assigned but never used. This unconnected signal will be trimmed during the optimization process.
Unit <AB> synthesized.


=========================================================================
HDL Synthesis Report

Macro Statistics
# Xors                                                 : 96
 1-bit xor2                                            : 48
 1-bit xor3                                            : 48

=========================================================================

=========================================================================
*                       Advanced HDL Synthesis                          *
=========================================================================


=========================================================================
Advanced HDL Synthesis Report

Macro Statistics
# Xors                                                 : 96
 1-bit xor2                                            : 48
 1-bit xor3                                            : 48

=========================================================================

=========================================================================
*                         Low Level Synthesis                           *
=========================================================================

Optimizing unit <AB> ...

Mapping all equations...
Building and optimizing final netlist ...
Found area constraint ratio of 100 (+ 5) on block AB, actual ratio is 2.

Final Macro Processing ...

=========================================================================
Final Register Report

Found no macro
=========================================================================

=========================================================================
*                           Partition Report                            *
=========================================================================

Partition Implementation Status
-------------------------------

  No Partitions were found in this design.

-------------------------------

=========================================================================
*                            Final Report                               *
=========================================================================
Final Results
RTL Top Level Output File Name     : AB.ngr
Top Level Output File Name         : AB
Output Format                      : NGC
Optimization Goal                  : Speed
Keep Hierarchy                     : No

Design Statistics
# IOs                              : 29

Cell Usage :
# BELS                             : 127
#      GND                         : 1
#      LUT2                        : 5
#      LUT3                        : 33
#      LUT4                        : 77
#      MUXF5                       : 11
# IO Buffers                       : 29
#      IBUF                        : 21
#      OBUF                        : 8
=========================================================================

Device utilization summary:
---------------------------

Selected Device : 3s400pq208-5 

 Number of Slices:                       65  out of   3584     1%  
 Number of 4 input LUTs:                115  out of   7168     1%  
 Number of IOs:                          29
 Number of bonded IOBs:                  29  out of    141    20%  

---------------------------
Partition Resource Summary:
---------------------------

  No Partitions were found in this design.

---------------------------


=========================================================================
TIMING REPORT

NOTE: THESE TIMING NUMBERS ARE ONLY A SYNTHESIS ESTIMATE.
      FOR ACCURATE TIMING INFORMATION PLEASE REFER TO THE TRACE REPORT
      GENERATED AFTER PLACE-and-ROUTE.

Clock Information:
------------------
No clock signals found in this design

Asynchronous Control Signals Information:
----------------------------------------
No asynchronous control signals found in this design

Timing Summary:
---------------
Speed Grade: -5

   Minimum period: No path found
   Minimum input arrival time before clock: No path found
   Maximum output required time after clock: No path found
   Maximum combinational path delay: 17.647ns

Timing Detail:
--------------
All values displayed in nanoseconds (ns)

=========================================================================
Timing constraint: Default path analysis
  Total number of paths / destination ports: 617 / 8
-------------------------------------------------------------------------
Delay:               17.647ns (Levels of Logic = 12)
  Source:            ABCin (PAD)
  Destination:       ABO<7> (PAD)

  Data Path: ABCin to ABO<7>
                                Gate     Net
    Cell:in->out      fanout   Delay   Delay  Logical Name (Net Name)
    ----------------------------------------  ------------
     IBUF:I->O            16   0.715   1.346  ABCin_IBUF (ABCin_IBUF)
     LUT4:I0->O            1   0.479   0.000  AS5/FA1/cout_F (N86)
     MUXF5:I0->O           3   0.314   0.794  AS5/FA1/cout (AS5/Carry<1>)
     LUT4:I3->O            1   0.479   0.704  AS5/FA3/cout_SW2 (N62)
     LUT4:I3->O            4   0.479   0.802  AS5/FA3/cout (AS5/Carry<3>)
     LUT4:I3->O            1   0.479   0.704  AS5/FA5/cout_SW2 (N60)
     LUT4:I3->O            3   0.479   0.941  AS5/FA5/cout (AS5/Carry<5>)
     LUT4:I1->O            1   0.479   0.000  AS5/FA7/Mxor_sum_xo<0>111 (AS5/FA7/Mxor_sum_xo<0>11)
     MUXF5:I1->O           1   0.314   0.740  AS5/FA7/Mxor_sum_xo<0>11_f5 (N15)
     LUT3:I2->O            1   0.479   0.851  ABO<7>202 (ABO<7>202)
     LUT3:I1->O            1   0.479   0.681  ABO<7>218 (ABO_7_OBUF)
     OBUF:I->O                 4.909          ABO_7_OBUF (ABO<7>)
    ----------------------------------------
    Total                     17.647ns (10.084ns logic, 7.563ns route)
                                       (57.1% logic, 42.9% route)

=========================================================================


Total REAL time to Xst completion: 12.00 secs
Total CPU time to Xst completion: 11.86 secs
 
--> 

Total memory usage is 4514484 kilobytes

Number of errors   :    0 (   0 filtered)
Number of warnings :    1 (   0 filtered)
Number of infos    :    0 (   0 filtered)

